2012 192  0 179.2
2012 192  1 179.2
2012 192  2 179.2
2012 192  3 179.2
2012 192  4 179.2
2012 192  5 179.2
2012 192  6 179.2
2012 192  7 179.2
2012 192  8 179.2
2012 192  9 179.2
2012 192 10 179.2
2012 192 11 179.2
2012 192 12 179.2
2012 192 13 179.2
2012 192 14 179.2
2012 192 15 179.2
2012 192 16 179.2
2012 192 17 179.2
2012 192 18 179.2
2012 192 19 179.2
2012 192 20 179.2
2012 192 21 179.2
2012 192 22 179.2
2012 192 23 179.2
2012 193  0 167.1
2012 193  1 167.1
2012 193  2 167.1
2012 193  3 167.1
2012 193  4 167.1
2012 193  5 167.1
2012 193  6 167.1
2012 193  7 167.1
2012 193  8 167.1
2012 193  9 167.1
2012 193 10 167.1
2012 193 11 167.1
2012 193 12 167.1
2012 193 13 167.1
2012 193 14 167.1
2012 193 15 167.1
2012 193 16 167.1
2012 193 17 167.1
2012 193 18 167.1
2012 193 19 167.1
2012 193 20 167.1
2012 193 21 167.1
2012 193 22 167.1
2012 193 23 167.1
2012 194  0 170.9
2012 194  1 170.9
2012 194  2 170.9
2012 194  3 170.9
2012 194  4 170.9
2012 194  5 170.9
2012 194  6 170.9
2012 194  7 170.9
2012 194  8 170.9
2012 194  9 170.9
2012 194 10 170.9
2012 194 11 170.9
2012 194 12 170.9
2012 194 13 170.9
2012 194 14 170.9
2012 194 15 170.9
2012 194 16 170.9
2012 194 17 170.9
2012 194 18 170.9
2012 194 19 170.9
2012 194 20 170.9
2012 194 21 170.9
2012 194 22 170.9
2012 194 23 170.9
2012 195  0 152.1
2012 195  1 152.1
2012 195  2 152.1
2012 195  3 152.1
2012 195  4 152.1
2012 195  5 152.1
2012 195  6 152.1
2012 195  7 152.1
2012 195  8 152.1
2012 195  9 152.1
2012 195 10 152.1
2012 195 11 152.1
2012 195 12 152.1
2012 195 13 152.1
2012 195 14 152.1
2012 195 15 152.1
2012 195 16 152.1
2012 195 17 152.1
2012 195 18 152.1
2012 195 19 152.1
2012 195 20 152.1
2012 195 21 152.1
2012 195 22 152.1
2012 195 23 152.1
2012 196  0 152.8
2012 196  1 152.8
2012 196  2 152.8
2012 196  3 152.8
2012 196  4 152.8
2012 196  5 152.8
2012 196  6 152.8
2012 196  7 152.8
2012 196  8 152.8
2012 196  9 152.8
2012 196 10 152.8
2012 196 11 152.8
2012 196 12 152.8
2012 196 13 152.8
2012 196 14 152.8
2012 196 15 152.8
2012 196 16 152.8
2012 196 17 152.8
2012 196 18 152.8
2012 196 19 152.8
2012 196 20 152.8
2012 196 21 152.8
2012 196 22 152.8
2012 196 23 152.8
2012 197  0 145.1
2012 197  1 145.1
2012 197  2 145.1
2012 197  3 145.1
2012 197  4 145.1
2012 197  5 145.1
2012 197  6 145.1
2012 197  7 145.1
2012 197  8 145.1
2012 197  9 145.1
2012 197 10 145.1
2012 197 11 145.1
2012 197 12 145.1
2012 197 13 145.1
2012 197 14 145.1
2012 197 15 145.1
2012 197 16 145.1
2012 197 17 145.1
2012 197 18 145.1
2012 197 19 145.1
2012 197 20 145.1
2012 197 21 145.1
2012 197 22 145.1
2012 197 23 145.1
2012 198  0 159.5
2012 198  1 159.5
2012 198  2 159.5
2012 198  3 159.5
2012 198  4 159.5
2012 198  5 159.5
2012 198  6 159.5
2012 198  7 159.5
2012 198  8 159.5
2012 198  9 159.5
2012 198 10 159.5
2012 198 11 159.5
2012 198 12 159.5
2012 198 13 159.5
2012 198 14 159.5
2012 198 15 159.5
2012 198 16 159.5
2012 198 17 159.5
2012 198 18 159.5
2012 198 19 159.5
2012 198 20 159.5
2012 198 21 159.5
2012 198 22 159.5
2012 198 23 159.5
2012 199  0 131.7
2012 199  1 131.7
2012 199  2 131.7
2012 199  3 131.7
2012 199  4 131.7
2012 199  5 131.7
2012 199  6 131.7
2012 199  7 131.7
2012 199  8 131.7
2012 199  9 131.7
2012 199 10 131.7
2012 199 11 131.7
2012 199 12 131.7
2012 199 13 131.7
2012 199 14 131.7
2012 199 15 131.7
2012 199 16 131.7
2012 199 17 131.7
2012 199 18 131.7
2012 199 19 131.7
2012 199 20 131.7
2012 199 21 131.7
2012 199 22 131.7
2012 199 23 131.7
2012 200  0 113.1
2012 200  1 113.1
2012 200  2 113.1
2012 200  3 113.1
2012 200  4 113.1
2012 200  5 113.1
2012 200  6 113.1
2012 200  7 113.1
2012 200  8 113.1
2012 200  9 113.1
2012 200 10 113.1
2012 200 11 113.1
2012 200 12 113.1
2012 200 13 113.1
2012 200 14 113.1
2012 200 15 113.1
2012 200 16 113.1
2012 200 17 113.1
2012 200 18 113.1
2012 200 19 113.1
2012 200 20 113.1
2012 200 21 113.1
2012 200 22 113.1
2012 200 23 113.1
2012 201  0 103.2
2012 201  1 103.2
2012 201  2 103.2
2012 201  3 103.2
2012 201  4 103.2
2012 201  5 103.2
2012 201  6 103.2
2012 201  7 103.2
2012 201  8 103.2
2012 201  9 103.2
2012 201 10 103.2
2012 201 11 103.2
2012 201 12 103.2
2012 201 13 103.2
2012 201 14 103.2
2012 201 15 103.2
2012 201 16 103.2
2012 201 17 103.2
2012 201 18 103.2
2012 201 19 103.2
2012 201 20 103.2
2012 201 21 103.2
2012 201 22 103.2
2012 201 23 103.2
2012 202  0  95.3
2012 202  1  95.3
2012 202  2  95.3
2012 202  3  95.3
2012 202  4  95.3
2012 202  5  95.3
2012 202  6  95.3
2012 202  7  95.3
2012 202  8  95.3
2012 202  9  95.3
2012 202 10  95.3
2012 202 11  95.3
2012 202 12  95.3
2012 202 13  95.3
2012 202 14  95.3
2012 202 15  95.3
2012 202 16  95.3
2012 202 17  95.3
2012 202 18  95.3
2012 202 19  95.3
2012 202 20  95.3
2012 202 21  95.3
2012 202 22  95.3
2012 202 23  95.3
2012 203  0  92.8
2012 203  1  92.8
2012 203  2  92.8
2012 203  3  92.8
2012 203  4  92.8
2012 203  5  92.8
2012 203  6  92.8
2012 203  7  92.8
2012 203  8  92.8
2012 203  9  92.8
2012 203 10  92.8
2012 203 11  92.8
2012 203 12  92.8
2012 203 13  92.8
2012 203 14  92.8
2012 203 15  92.8
2012 203 16  92.8
2012 203 17  92.8
2012 203 18  92.8
2012 203 19  92.8
2012 203 20  92.8
2012 203 21  92.8
2012 203 22  92.8
2012 203 23  92.8
2012 204  0  96.7
2012 204  1  96.7
2012 204  2  96.7
2012 204  3  96.7
2012 204  4  96.7
2012 204  5  96.7
2012 204  6  96.7
2012 204  7  96.7
2012 204  8  96.7
2012 204  9  96.7
2012 204 10  96.7
2012 204 11  96.7
2012 204 12  96.7
2012 204 13  96.7
2012 204 14  96.7
2012 204 15  96.7
2012 204 16  96.7
2012 204 17  96.7
2012 204 18  96.7
2012 204 19  96.7
2012 204 20  96.7
2012 204 21  96.7
2012 204 22  96.7
2012 204 23  96.7
2012 205  0  99.8
2012 205  1  99.8
2012 205  2  99.8
2012 205  3  99.8
2012 205  4  99.8
2012 205  5  99.8
2012 205  6  99.8
2012 205  7  99.8
2012 205  8  99.8
2012 205  9  99.8
2012 205 10  99.8
2012 205 11  99.8
2012 205 12  99.8
2012 205 13  99.8
2012 205 14  99.8
2012 205 15  99.8
2012 205 16  99.8
2012 205 17  99.8
2012 205 18  99.8
2012 205 19  99.8
2012 205 20  99.8
2012 205 21  99.8
2012 205 22  99.8
2012 205 23  99.8
2012 206  0 105.7
2012 206  1 105.7
2012 206  2 105.7
2012 206  3 105.7
2012 206  4 105.7
2012 206  5 105.7
2012 206  6 105.7
2012 206  7 105.7
2012 206  8 105.7
2012 206  9 105.7
2012 206 10 105.7
2012 206 11 105.7
2012 206 12 105.7
2012 206 13 105.7
2012 206 14 105.7
2012 206 15 105.7
2012 206 16 105.7
2012 206 17 105.7
2012 206 18 105.7
2012 206 19 105.7
2012 206 20 105.7
2012 206 21 105.7
2012 206 22 105.7
2012 206 23 105.7
