2017 244  0  95.1
2017 244  1  95.1
2017 244  2  95.1
2017 244  3  95.1
2017 244  4  95.1
2017 244  5  95.1
2017 244  6  95.1
2017 244  7  95.1
2017 244  8  95.1
2017 244  9  95.1
2017 244 10  95.1
2017 244 11  95.1
2017 244 12  95.1
2017 244 13  95.1
2017 244 14  95.1
2017 244 15  95.1
2017 244 16  95.1
2017 244 17  95.1
2017 244 18  95.1
2017 244 19  95.1
2017 244 20  95.1
2017 244 21  95.1
2017 244 22  95.1
2017 244 23  95.1
2017 245  0 101.7
2017 245  1 101.7
2017 245  2 101.7
2017 245  3 101.7
2017 245  4 101.7
2017 245  5 101.7
2017 245  6 101.7
2017 245  7 101.7
2017 245  8 101.7
2017 245  9 101.7
2017 245 10 101.7
2017 245 11 101.7
2017 245 12 101.7
2017 245 13 101.7
2017 245 14 101.7
2017 245 15 101.7
2017 245 16 101.7
2017 245 17 101.7
2017 245 18 101.7
2017 245 19 101.7
2017 245 20 101.7
2017 245 21 101.7
2017 245 22 101.7
2017 245 23 101.7
2017 246  0 122.2
2017 246  1 122.2
2017 246  2 122.2
2017 246  3 122.2
2017 246  4 122.2
2017 246  5 122.2
2017 246  6 122.2
2017 246  7 122.2
2017 246  8 122.2
2017 246  9 122.2
2017 246 10 122.2
2017 246 11 122.2
2017 246 12 122.2
2017 246 13 122.2
2017 246 14 122.2
2017 246 15 122.2
2017 246 16 122.2
2017 246 17 122.2
2017 246 18 122.2
2017 246 19 122.2
2017 246 20 122.2
2017 246 21 122.2
2017 246 22 122.2
2017 246 23 122.2
2017 247  0 185.5
2017 247  1 185.5
2017 247  2 185.5
2017 247  3 185.5
2017 247  4 185.5
2017 247  5 185.5
2017 247  6 185.5
2017 247  7 185.5
2017 247  8 185.5
2017 247  9 185.5
2017 247 10 185.5
2017 247 11 185.5
2017 247 12 185.5
2017 247 13 185.5
2017 247 14 185.5
2017 247 15 185.5
2017 247 16 185.5
2017 247 17 185.5
2017 247 18 185.5
2017 247 19 185.5
2017 247 20 185.5
2017 247 21 185.5
2017 247 22 185.5
2017 247 23 185.5
2017 248  0 122.5
2017 248  1 122.5
2017 248  2 122.5
2017 248  3 122.5
2017 248  4 122.5
2017 248  5 122.5
2017 248  6 122.5
2017 248  7 122.5
2017 248  8 122.5
2017 248  9 122.5
2017 248 10 122.5
2017 248 11 122.5
2017 248 12 122.5
2017 248 13 122.5
2017 248 14 122.5
2017 248 15 122.5
2017 248 16 122.5
2017 248 17 122.5
2017 248 18 122.5
2017 248 19 122.5
2017 248 20 122.5
2017 248 21 122.5
2017 248 22 122.5
2017 248 23 122.5
2017 249  0 134.9
2017 249  1 134.9
2017 249  2 134.9
2017 249  3 134.9
2017 249  4 134.9
2017 249  5 134.9
2017 249  6 134.9
2017 249  7 134.9
2017 249  8 134.9
2017 249  9 134.9
2017 249 10 134.9
2017 249 11 134.9
2017 249 12 134.9
2017 249 13 134.9
2017 249 14 134.9
2017 249 15 134.9
2017 249 16 134.9
2017 249 17 134.9
2017 249 18 134.9
2017 249 19 134.9
2017 249 20 134.9
2017 249 21 134.9
2017 249 22 134.9
2017 249 23 134.9
2017 250  0 130.4
2017 250  1 130.4
2017 250  2 130.4
2017 250  3 130.4
2017 250  4 130.4
2017 250  5 130.4
2017 250  6 130.4
2017 250  7 130.4
2017 250  8 130.4
2017 250  9 130.4
2017 250 10 130.4
2017 250 11 130.4
2017 250 12 130.4
2017 250 13 130.4
2017 250 14 130.4
2017 250 15 130.4
2017 250 16 130.4
2017 250 17 130.4
2017 250 18 130.4
2017 250 19 130.4
2017 250 20 130.4
2017 250 21 130.4
2017 250 22 130.4
2017 250 23 130.4
2017 251  0 118.5
2017 251  1 118.5
2017 251  2 118.5
2017 251  3 118.5
2017 251  4 118.5
2017 251  5 118.5
2017 251  6 118.5
2017 251  7 118.5
2017 251  8 118.5
2017 251  9 118.5
2017 251 10 118.5
2017 251 11 118.5
2017 251 12 118.5
2017 251 13 118.5
2017 251 14 118.5
2017 251 15 118.5
2017 251 16 118.5
2017 251 17 118.5
2017 251 18 118.5
2017 251 19 118.5
2017 251 20 118.5
2017 251 21 118.5
2017 251 22 118.5
2017 251 23 118.5
2017 252  0 108.7
2017 252  1 108.7
2017 252  2 108.7
2017 252  3 108.7
2017 252  4 108.7
2017 252  5 108.7
2017 252  6 108.7
2017 252  7 108.7
2017 252  8 108.7
2017 252  9 108.7
2017 252 10 108.7
2017 252 11 108.7
2017 252 12 108.7
2017 252 13 108.7
2017 252 14 108.7
2017 252 15 108.7
2017 252 16 108.7
2017 252 17 108.7
2017 252 18 108.7
2017 252 19 108.7
2017 252 20 108.7
2017 252 21 108.7
2017 252 22 108.7
2017 252 23 108.7
2017 253  0 101.6
2017 253  1 101.6
2017 253  2 101.6
2017 253  3 101.6
2017 253  4 101.6
2017 253  5 101.6
2017 253  6 101.6
2017 253  7 101.6
2017 253  8 101.6
2017 253  9 101.6
2017 253 10 101.6
2017 253 11 101.6
2017 253 12 101.6
2017 253 13 101.6
2017 253 14 101.6
2017 253 15 101.6
2017 253 16 101.6
2017 253 17 101.6
2017 253 18 101.6
2017 253 19 101.6
2017 253 20 101.6
2017 253 21 101.6
2017 253 22 101.6
2017 253 23 101.6
2017 254  0  80.9
2017 254  1  80.9
2017 254  2  80.9
2017 254  3  80.9
2017 254  4  80.9
2017 254  5  80.9
2017 254  6  80.9
2017 254  7  80.9
2017 254  8  80.9
2017 254  9  80.9
2017 254 10  80.9
2017 254 11  80.9
2017 254 12  80.9
2017 254 13  80.9
2017 254 14  80.9
2017 254 15  80.9
2017 254 16  80.9
2017 254 17  80.9
2017 254 18  80.9
2017 254 19  80.9
2017 254 20  80.9
2017 254 21  80.9
2017 254 22  80.9
2017 254 23  80.9
2017 255  0  76.4
2017 255  1  76.4
2017 255  2  76.4
2017 255  3  76.4
2017 255  4  76.4
2017 255  5  76.4
2017 255  6  76.4
2017 255  7  76.4
2017 255  8  76.4
2017 255  9  76.4
2017 255 10  76.4
2017 255 11  76.4
2017 255 12  76.4
2017 255 13  76.4
2017 255 14  76.4
2017 255 15  76.4
2017 255 16  76.4
2017 255 17  76.4
2017 255 18  76.4
2017 255 19  76.4
2017 255 20  76.4
2017 255 21  76.4
2017 255 22  76.4
2017 255 23  76.4
2017 256  0  76.0
2017 256  1  76.0
2017 256  2  76.0
2017 256  3  76.0
2017 256  4  76.0
2017 256  5  76.0
2017 256  6  76.0
2017 256  7  76.0
2017 256  8  76.0
2017 256  9  76.0
2017 256 10  76.0
2017 256 11  76.0
2017 256 12  76.0
2017 256 13  76.0
2017 256 14  76.0
2017 256 15  76.0
2017 256 16  76.0
2017 256 17  76.0
2017 256 18  76.0
2017 256 19  76.0
2017 256 20  76.0
2017 256 21  76.0
2017 256 22  76.0
2017 256 23  76.0
2017 257  0  75.1
2017 257  1  75.1
2017 257  2  75.1
2017 257  3  75.1
2017 257  4  75.1
2017 257  5  75.1
2017 257  6  75.1
2017 257  7  75.1
2017 257  8  75.1
2017 257  9  75.1
2017 257 10  75.1
2017 257 11  75.1
2017 257 12  75.1
2017 257 13  75.1
2017 257 14  75.1
2017 257 15  75.1
2017 257 16  75.1
2017 257 17  75.1
2017 257 18  75.1
2017 257 19  75.1
2017 257 20  75.1
2017 257 21  75.1
2017 257 22  75.1
2017 257 23  75.1
2017 258  0  73.6
2017 258  1  73.6
2017 258  2  73.6
2017 258  3  73.6
2017 258  4  73.6
2017 258  5  73.6
2017 258  6  73.6
2017 258  7  73.6
2017 258  8  73.6
2017 258  9  73.6
2017 258 10  73.6
2017 258 11  73.6
2017 258 12  73.6
2017 258 13  73.6
2017 258 14  73.6
2017 258 15  73.6
2017 258 16  73.6
2017 258 17  73.6
2017 258 18  73.6
2017 258 19  73.6
2017 258 20  73.6
2017 258 21  73.6
2017 258 22  73.6
2017 258 23  73.6
